{"numTotalTestSuites":7,"numPassedTestSuites":5,"numFailedTestSuites":2,"numPendingTestSuites":0,"numTotalTests":15,"numPassedTests":13,"numFailedTests":2,"numPendingTests":0,"numTodoTests":0,"snapshot":{"added":0,"failure":false,"filesAdded":0,"filesRemoved":0,"filesRemovedList":[],"filesUnmatched":0,"filesUpdated":0,"matched":0,"total":0,"unchecked":0,"uncheckedKeysByFile":[],"unmatched":0,"updated":0,"didUpdate":false},"startTime":1790254194251,"success":false,"testResults":[{"assertionResults":[{"ancestorTitles":["authStore - State management"],"fullName":"authStore - State management should have initial state defined","status":"passed","title":"should have initial state defined","duration":2.449900000001435,"failureMessages":[],"meta":{}},{"ancestorTitles":["authStore - State management"],"fullName":"authStore - State management should have methods defined","status":"passed","title":"should have methods defined","duration":2.6942999999992026,"failureMessages":[],"meta":{}},{"ancestorTitles":["authStore - Loading state"],"fullName":"authStore - Loading state should toggle loading state","status":"passed","title":"should toggle loading state","duration":1.0552999999999884,"failureMessages":[],"meta":{}},{"ancestorTitles":["authStore - Character updates"],"fullName":"authStore - Character updates should update character selection","status":"passed","title":"should update character selection","duration":1.3374000000003434,"failureMessages":[],"meta":{}},{"ancestorTitles":["authStore - Character updates"],"fullName":"authStore - Character updates should update preferences","status":"passed","title":"should update preferences","duration":0.7092999999986205,"failureMessages":[],"meta":{}},{"ancestorTitles":["authStore - Logout"],"fullName":"authStore - Logout should clear user on logout","status":"passed","title":"should clear user on logout","duration":21.173499999998967,"failureMessages":[],"meta":{}}],"startTime":1790254207009,"endTime":1790254207040.1736,"status":"passed","message":"","name":"C:/Users/hugov/OneDrive/Documentos/Antigravity/Big bang Duel/duelo/src/store/authStore.test.ts"},{"assertionResults":[{"ancestorTitles":["LoginScreen"],"fullName":"LoginScreen shows registration fields when toggling register mode","status":"passed","title":"shows registration fields when toggling register mode","duration":570.3402000000006,"failureMessages":[],"meta":{}},{"ancestorTitles":["LoginScreen"],"fullName":"LoginScreen logs in with email and navigates to menu","status":"passed","title":"logs in with email and navigates to menu","duration":127.68529999999919,"failureMessages":[],"meta":{}},{"ancestorTitles":["LoginScreen"],"fullName":"LoginScreen shows mapped auth error message for invalid credentials","status":"passed","title":"shows mapped auth error message for invalid credentials","duration":104.38800000000083,"failureMessages":[],"meta":{}},{"ancestorTitles":["LoginScreen"],"fullName":"LoginScreen allows guest login and marks session as guest","status":"passed","title":"allows guest login and marks session as guest","duration":76.71810000000005,"failureMessages":[],"meta":{}},{"ancestorTitles":["LoginScreen"],"fullName":"LoginScreen shows the guest and password-reset entry points","status":"failed","title":"shows the guest and password-reset entry points","duration":252.0139999999992,"failureMessages":["TestingLibraryElementError: Unable to find an accessible element with the role \"button\" and name `/Play as Guest/i`\n\nHere are the accessible roles:\n\n  img:\n\n  Name \"Big Bang Duel\":\n  \u001b[36m<img\u001b[39m\n    \u001b[33malt\u001b[39m=\u001b[32m\"Big Bang Duel\"\u001b[39m\n    \u001b[33mclass\u001b[39m=\u001b[32m\"w-48 h-auto mx-auto animate-logo-float drop-shadow-2xl\"\u001b[39m\n    \u001b[33msrc\u001b[39m=\u001b[32m\"/assets/ui/logo_bbd.webp\"\u001b[39m\n  \u001b[36m/>\u001b[39m\n\n  --------------------------------------------------\n  heading:\n\n  Name \"PROCURADO\":\n  \u001b[36m<h2\u001b[39m\n    \u001b[33mclass\u001b[39m=\u001b[32m\"font-western text-2xl text-[#3B1F0A] tracking-widest\"\u001b[39m\n  \u001b[36m/>\u001b[39m\n\n  --------------------------------------------------\n  textbox:\n\n  Name \"\":\n  \u001b[36m<input\u001b[39m\n    \u001b[33mclass\u001b[39m=\u001b[32m\"input-parchment\"\u001b[39m\n    \u001b[33mplaceholder\u001b[39m=\u001b[32m\"pistoleiro@oeste.com\"\u001b[39m\n    \u001b[33mrequired\u001b[39m=\u001b[32m\"\"\u001b[39m\n    \u001b[33mtype\u001b[39m=\u001b[32m\"email\"\u001b[39m\n    \u001b[33mvalue\u001b[39m=\u001b[32m\"\"\u001b[39m\n  \u001b[36m/>\u001b[39m\n\n  --------------------------------------------------\n  button:\n\n  Name \"ENTRAR\":\n  \u001b[36m<button\u001b[39m\n    \u001b[33mclass\u001b[39m=\u001b[32m\"btn-western mt-4\"\u001b[39m\n    \u001b[33mtype\u001b[39m=\u001b[32m\"submit\"\u001b[39m\n  \u001b[36m/>\u001b[39m\n\n  Name \"Novo por aqui? Criar conta.\":\n  \u001b[36m<button\u001b[39m\n    \u001b[33mclass\u001b[39m=\u001b[32m\"font-stats text-[#7B4A1E] hover:text-[#C0392B] underline text-sm transition-colors\"\u001b[39m\n  \u001b[36m/>\u001b[39m\n\n  Name \"Esqueci minha senha\":\n  \u001b[36m<button\u001b[39m\n    \u001b[33maria-label\u001b[39m=\u001b[32m\"Esqueci minha senha\"\u001b[39m\n    \u001b[33mclass\u001b[39m=\u001b[32m\"font-stats text-[#7B4A1E] hover:text-[#C0392B] underline text-sm transition-colors disabled:opacity-60 disabled:pointer-events-none\"\u001b[39m\n    \u001b[33mtype\u001b[39m=\u001b[32m\"button\"\u001b[39m\n  \u001b[36m/>\u001b[39m\n\n  Name \"ENTRAR COMO CONVIDADO\":\n  \u001b[36m<button\u001b[39m\n    \u001b[33maria-label\u001b[39m=\u001b[32m\"ENTRAR COMO CONVIDADO\"\u001b[39m\n    \u001b[33mclass\u001b[39m=\u001b[32m\"w-full flex items-center justify-center gap-3 px-4 py-3 bg-[#3B1F0A] border-2 border-[#3B1F0A] rounded-lg hover:bg-[#1a0f06] transition-all font-western text-[#D4A855] shadow-md hover:shadow-lg mb-3 disabled:opacity-60\"\u001b[39m\n  \u001b[36m/>\u001b[39m\n\n  Name \"Entrar com Google\":\n  \u001b[36m<button\u001b[39m\n    \u001b[33maria-label\u001b[39m=\u001b[32m\"Entrar com Google\"\u001b[39m\n    \u001b[33mclass\u001b[39m=\u001b[32m\"w-full flex items-center justify-center gap-3 px-4 py-3 bg-white border-2 border-gray-300 rounded-lg hover:bg-gray-50 transition-all font-stats font-bold text-gray-700 shadow-md hover:shadow-lg disabled:opacity-60\"\u001b[39m\n    \u001b[33mtype\u001b[39m=\u001b[32m\"button\"\u001b[39m\n  \u001b[36m/>\u001b[39m\n\n  --------------------------------------------------\n\nIgnored nodes: comments, script, style\n\u001b[36m<body>\u001b[39m\n  \u001b[36m<div>\u001b[39m\n    \u001b[36m<div\u001b[39m\n      \u001b[33mclass\u001b[39m=\u001b[32m\"w-full max-w-sm mx-4\"\u001b[39m\n    \u001b[36m>\u001b[39m\n      \u001b[36m<div\u001b[39m\n        \u001b[33mclass\u001b[39m=\u001b[32m\"text-center mb-8 animate-drop-bounce\"\u001b[39m\n      \u001b[36m>\u001b[39m\n        \u001b[36m<img\u001b[39m\n          \u001b[33malt\u001b[39m=\u001b[32m\"Big Bang Duel\"\u001b[39m\n          \u001b[33mclass\u001b[39m=\u001b[32m\"w-48 h-auto mx-auto animate-logo-float drop-shadow-2xl\"\u001b[39m\n          \u001b[33msrc\u001b[39m=\u001b[32m\"/assets/ui/logo_bbd.webp\"\u001b[39m\n        \u001b[36m/>\u001b[39m\n      \u001b[36m</div>\u001b[39m\n      \u001b[36m<div\u001b[39m\n        \u001b[33mclass\u001b[39m=\u001b[32m\"relative bg-[#F5E6C8] p-8 rounded-lg shadow-2xl border-4 border-[#3B1F0A] animate-fade-up\"\u001b[39m\n      \u001b[36m>\u001b[39m\n        \u001b[36m<div\u001b[39m\n          \u001b[33mclass\u001b[39m=\u001b[32m\"absolute -top-2 left-6 w-4 h-4 rounded-full bg-brown-dark shadow-inner\"\u001b[39m\n        \u001b[36m/>\u001b[39m\n        \u001b[36m<div\u001b[39m\n          \u001b[33mclass\u001b[39m=\u001b[32m\"absolute -top-2 right-6 w-4 h-4 rounded-full bg-brown-dark shadow-inner\"\u001b[39m\n        \u001b[36m/>\u001b[39m\n        \u001b[36m<div\u001b[39m\n          \u001b[33mclass\u001b[39m=\u001b[32m\"absolute -top-6 left-1/2 -translate-x-1/2 bg-[#D4A855] px-8 py-1.5 border-3 border-[#3B1F0A] shadow-lg transform -rotate-1\"\u001b[39m\n        \u001b[36m>\u001b[39m\n          \u001b[36m<h2\u001b[39m\n            \u001b[33mclass\u001b[39m=\u001b[32m\"font-western text-2xl text-[#3B1F0A] tracking-widest\"\u001b[39m\n          \u001b[36m>\u001b[39m\n            \u001b[0mPROCURADO\u001b[0m\n          \u001b[36m</h2>\u001b[39m\n        \u001b[36m</div>\u001b[39m\n        \u001b[36m<form\u001b[39m\n          \u001b[33mclass\u001b[39m=\u001b[32m\"mt-6 space-y-4\"\u001b[39m\n        \u001b[36m>\u001b[39m\n          \u001b[36m<div>\u001b[39m\n            \u001b[36m<label\u001b[39m\n              \u001b[33mclass\u001b[39m=\u001b[32m\"block font-western text-sm text-[#3B1F0A] mb-1 tracking-wider\"\u001b[39m\n            \u001b[36m>\u001b[39m\n              \u001b[0mEMAIL\u001b[0m\n            \u001b[36m</label>\u001b[39m\n            \u001b[36m<input\u001b[39m\n              \u001b[33mclass\u001b[39m=\u001b[32m\"input-parchment\"\u001b[39m\n              \u001b[33mplaceholder\u001b[39m=\u001b[32m\"pistoleiro@oeste.com\"\u001b[39m\n              \u001b[33mrequired\u001b[39m=\u001b[32m\"\"\u001b[39m\n              \u001b[33mtype\u001b[39m=\u001b[32m\"email\"\u001b[39m\n              \u001b[33mvalue\u001b[39m=\u001b[32m\"\"\u001b[39m\n            \u001b[36m/>\u001b[39m\n          \u001b[36m</div>\u001b[39m\n          \u001b[36m<div>\u001b[39m\n            \u001b[36m<label\u001b[39m\n              \u001b[33mclass\u001b[39m=\u001b[32m\"block font-western text-sm text-[#3B1F0A] mb-1 tracking-wider\"\u001b[39m\n            \u001b[36m>\u001b[39m\n              \u001b[0mSENHA\u001b[0m\n            \u001b[36m</label>\u001b[39m\n            \u001b[36m<input\u001b[39m\n              \u001b[33mautocomplete\u001b[39m=\u001b[32m\"current-password\"\u001b[39m\n              \u001b[33mclass\u001b[39m=\u001b[32m\"input-parchment\"\u001b[39m\n              \u001b[33mminlength\u001b[39m=\u001b[32m\"6\"\u001b[39m\n              \u001b[33mplaceholder\u001b[39m=\u001b[32m\"••••••\"\u001b[39m\n              \u001b[33mrequired\u001b[39m=\u001b[32m\"\"\u001b[39m\n              \u001b[33mtype\u001b[39m=\u001b[32m\"password\"\u001b[39m\n              \u001b[33mvalue\u001b[39m=\u001b[32m\"\"\u001b[39m\n            \u001b[36m/>\u001b[39m\n          \u001b[36m</div>\u001b[39m\n          \u001b[36m<button\u001b[39m\n            \u001b[33mclass\u001b[39m=\u001b[32m\"btn-western mt-4\"\u001b[39m\n            \u001b[33mtype\u001b[39m=\u001b[32m\"submit\"\u001b[39m\n          \u001b[36m>\u001b[39m\n            \u001b[0mENTRAR\u001b[0m\n          \u001b[36m</button>\u001b[39m\n        \u001b[36m</form>\u001b[39m\n        \u001b[36m<div\u001b[39m\n          \u001b[33mclass\u001b[39m=\u001b[32m\"mt-5 text-center\"\u001b[39m\n        \u001b[36m>\u001b[39m\n          \u001b[36m<button\u001b[39m\n            \u001b[33mclass\u001b[39m=\u001b[32m\"font-stats text-[#7B4A1E] hover:text-[#C0392B] underline text-sm transition-colors\"\u001b[39m\n          \u001b[36m>\u001b[39m\n            \u001b[0mNovo por aqui? Criar conta.\u001b[0m\n          \u001b[36m</button>\u001b[39m\n        \u001b[36m</div>\u001b[39m\n        \u001b[36m<div\u001b[39m\n          \u001b[33mclass\u001b[39m=\u001b[32m\"mt-3 text-center\"\u001b[39m\n        \u001b[36m>\u001b[39m\n          \u001b[36m<button\u001b[39m\n            \u001b[33maria-label\u001b[39m=\u001b[32m\"Esqueci minha senha\"\u001b[39m\n            \u001b[33mclass\u001b[39m=\u001b[32m\"font-stats text-[#7B4A1E] hover:text-[#C0392B] underline text-sm transition-colors disabled:opacity-60 disabled:pointer-events-none\"\u001b[39m\n            \u001b[33mtype\u001b[39m=\u001b[32m\"button\"\u001b[39m\n          \u001b[36m>\u001b[39m\n            \u001b[36m<span\u001b[39m\n              \u001b[33maria-hidden\u001b[39m=\u001b[32m\"true\"\u001b[39m\n            \u001b[36m>\u001b[39m\n              \u001b[0mForgot password?\u001b[0m\n            \u001b[36m</span>\u001b[39m\n            \u001b[36m<span\u001b[39m\n              \u001b[33mclass\u001b[39m=\u001b[32m\"sr-only\"\u001b[39m\n            \u001b[36m>\u001b[39m\n              \u001b[0mEsqueci minha senha\u001b[0m\n            \u001b[36m</span>\u001b[39m\n          \u001b[36m</button>\u001b[39m\n        \u001b[36m</div>\u001b[39m\n        \u001b[36m<div\u001b[39m\n          \u001b[33mclass\u001b[39m=\u001b[32m\"flex items-center gap-3 my-5\"\u001b[39m\n        \u001b[36m>\u001b[39m\n          \u001b[36m<div\u001b[39m\n            \u001b[33mclass\u001b[39m=\u001b[32m\"flex-1 h-px bg-[#7B4A1E]/40\"\u001b[39m\n          \u001b[36m/>\u001b[39m\n          \u001b[36m<span\u001b[39m\n            \u001b[33mclass\u001b[39m=\u001b[32m\"font-western text-xs text-[#7B4A1E] tracking-widest\"\u001b[39m\n          \u001b[36m>\u001b[39m\n            \u001b[0mOU\u001b[0m\n          \u001b[36m</span>\u001b[39m\n          \u001b[36m<div\u001b[39m\n            \u001b[33mclass\u001b[39m=\u001b[32m\"flex-1 h-px bg-[#7B4A1E]/40\"\u001b[39m\n          \u001b[36m/>\u001b[39m\n        \u001b[36m</div>\u001b[39m\n        \u001b[36m<button\u001b[39m\n          \u001b[33maria-label\u001b[39m=\u001b[32m\"ENTRAR COMO CONVIDADO\"\u001b[39m\n          \u001b[33mclass\u001b[39m=\u001b[32m\"w-full flex items-center justify-center gap-3 px-4 py-3 bg-[#3B1F0A] border-2 border-[#3B1F0A] rounded-lg hover:bg-[#1a0f06] transition-all font-western text-[#D4A855] shadow-md hover:shadow-lg mb-3 disabled:opacity-60\"\u001b[39m\n        \u001b[36m>\u001b[39m\n          \u001b[36m<svg\u001b[39m\n            \u001b[33mclass\u001b[39m=\u001b[32m\"w-5 h-5\"\u001b[39m\n            \u001b[33mfill\u001b[39m=\u001b[32m\"none\"\u001b[39m\n            \u001b[33mstroke\u001b[39m=\u001b[32m\"currentColor\"\u001b[39m\n            \u001b[33mviewBox\u001b[39m=\u001b[32m\"0 0 24 24\"\u001b[39m\n          \u001b[36m>\u001b[39m\n            \u001b[36m<path\u001b[39m\n              \u001b[33md\u001b[39m=\u001b[32m\"M16 7a4 4 0 11-8 0 4 4 0 018 0zM12 14a7 7 0 00-7 7h14a7 7 0 00-7-7z\"\u001b[39m\n              \u001b[33mstroke-linecap\u001b[39m=\u001b[32m\"round\"\u001b[39m\n              \u001b[33mstroke-linejoin\u001b[39m=\u001b[32m\"round\"\u001b[39m\n              \u001b[33mstroke-width\u001b[39m=\u001b[32m\"2\"\u001b[39m\n            \u001b[36m/>\u001b[39m\n          \u001b[36m</svg>\u001b[39m\n          \u001b[36m<span\u001b[39m\n            \u001b[33maria-hidden\u001b[39m=\u001b[32m\"true\"\u001b[39m\n          \u001b[36m>\u001b[39m\n            \u001b[0mPlay as Guest\u001b[0m\n          \u001b[36m</span>\u001b[39m\n          \u001b[36m<span\u001b[39m\n            \u001b[33mclass\u001b[39m=\u001b[32m\"sr-only\"\u001b[39m\n          \u001b[36m>\u001b[39m\n            \u001b[0mENTRAR COMO CONVIDADO\u001b[0m\n          \u001b[36m</span>\u001b[39m\n        \u001b[36m</button>\u001b[39m\n        \u001b[36m<button\u001b[39m\n          \u001b[33maria-label\u001b[39m=\u001b[32m\"Entrar com Google\"\u001b[39m\n          \u001b[33mclass\u001b[39m=\u001b[32m\"w-full flex items-center justify-center gap-3 px-4 py-3 bg-white border-2 border-gray-300 rounded-lg hover:bg-gray-50 transition-all font-stats font-bold text-gray-700 shadow-md hover:shadow-lg disabled:opacity-60\"\u001b[39m\n          \u001b[33mtype\u001b[39m=\u001b[32m\"button\"\u001b[39m\n        \u001b[36m>\u001b[39m\n          \u001b[36m<svg\u001b[39m\n            \u001b[33mclass\u001b[39m=\u001b[32m\"w-5 h-5\"\u001b[39m\n            \u001b[33mviewBox\u001b[39m=\u001b[32m\"0 0 24 24\"\u001b[39m\n          \u001b[36m>\u001b[39m\n            \u001b[36m<path\u001b[39m\n              \u001b[33md\u001b[39m=\u001b[32m\"M22.56 12.25c0-.78-.07-1.53-.2-2.25H12v4.26h5.92c-.26 1.37-1.04 2.53-2.21 3.31v2.77h3.57c2.08-1.92 3.28-4.74 3.28-8.09z\"\u001b[39m\n              \u001b[33mfill\u001b[39m=\u001b[32m\"#4285F4\"\u001b[39m\n            \u001b[36m/>\u001b[39m\n            \u001b[36m<path\u001b[39m\n              \u001b[33md\u001b[39m=\u001b[32m\"M12 23c2.97 0 5.46-.98 7.28-2.66l-3.57-2.77c-.98.66-2.23 1.06-3.71 1.06-2.86 0-5.29-1.93-6.16-4.53H2.18v2.84C3.99 20.53 7.7 23 12 23z\"\u001b[39m\n              \u001b[33mfill\u001b[39m=\u001b[32m\"#34A853\"\u001b[39m\n            \u001b[36m/>\u001b[39m\n            \u001b[36m<path\u001b[39m\n              \u001b[33md\u001b[39m=\u001b[32m\"M5.84 14.09c-.22-.66-.35-1.36-.35-2.09s.13-1.43.35-2.09V7.07H2.18C1.43 8.55 1 10.22 1 12s.43 3.45 1.18 4.93l2.85-2.22.81-.62z\"\u001b[39m\n              \u001b[33mfill\u001b[39m=\u001b[32m\"#FBBC05\"\u001b[39m\n            \u001b[36m/>\u001b[39m\n            \u001b[36m<path\u001b[39m\n              \u001b[33md\u001b[39m=\u001b[32m\"M12 5.38c1.62 0 3.06.56 4.21 1.64l3.15-3.15C17.45 2.09 14.97 1 12 1 7.7 1 3.99 3.47 2.18 7.07l3.66 2.84c.87-2.6 3.3-4.53 6.16-4.53z\"\u001b[39m\n              \u001b[33mfill\u001b[39m=\u001b[32m\"#EA4335\"\u001b[39m\n            \u001b[36m/>\u001b[39m\n          \u001b[36m</svg>\u001b[39m\n          \u001b[36m<span\u001b[39m\n            \u001b[33maria-hidden\u001b[39m=\u001b[32m\"true\"\u001b[39m\n          \u001b[36m>\u001b[39m\n            \u001b[0mContinue with Google\u001b[0m\n          \u001b[36m</span>\u001b[39m\n          \u001b[36m<span\u001b[39m\n            \u001b[33mclass\u001b[39m=\u001b[32m\"sr-only\"\u001b[39m\n          \u001b[36m>\u001b[39m\n            \u001b[0mEntrar com Google\u001b[0m\n          \u001b[36m</span>\u001b[39m\n        \u001b[36m</button>\u001b[39m\n      \u001b[36m</div>\u001b[39m\n    \u001b[36m</div>\u001b[39m\n  \u001b[36m</div>\u001b[39m\n\u001b[36m</body>\u001b[39m\n    at Object.getElementError (C:\\Users\\hugov\\OneDrive\\Documentos\\Antigravity\\Big bang Duel\\duelo\\node_modules\\@testing-library\\dom\\dist\\config.js:37:19)\n    at C:\\Users\\hugov\\OneDrive\\Documentos\\Antigravity\\Big bang Duel\\duelo\\node_modules\\@testing-library\\dom\\dist\\query-helpers.js:76:38\n    at C:\\Users\\hugov\\OneDrive\\Documentos\\Antigravity\\Big bang Duel\\duelo\\node_modules\\@testing-library\\dom\\dist\\query-helpers.js:52:17\n    at C:\\Users\\hugov\\OneDrive\\Documentos\\Antigravity\\Big bang Duel\\duelo\\node_modules\\@testing-library\\dom\\dist\\query-helpers.js:95:19\n    at C:/Users/hugov/OneDrive/Documentos/Antigravity/Big bang Duel/duelo/src/components/auth/LoginScreen.test.tsx:180:14\n    at file:///C:/Users/hugov/OneDrive/Documentos/Antigravity/Big%20bang%20Duel/duelo/node_modules/@vitest/runner/dist/index.js:145:11\n    at file:///C:/Users/hugov/OneDrive/Documentos/Antigravity/Big%20bang%20Duel/duelo/node_modules/@vitest/runner/dist/index.js:915:26\n    at file:///C:/Users/hugov/OneDrive/Documentos/Antigravity/Big%20bang%20Duel/duelo/node_modules/@vitest/runner/dist/index.js:1243:20\n    at new Promise (<anonymous>)\n    at runWithTimeout (file:///C:/Users/hugov/OneDrive/Documentos/Antigravity/Big%20bang%20Duel/duelo/node_modules/@vitest/runner/dist/index.js:1209:10)"],"meta":{}},{"ancestorTitles":["LoginScreen"],"fullName":"LoginScreen resets a password with the configured Firebase flow","status":"failed","title":"resets a password with the configured Firebase flow","duration":271.1329999999998,"failureMessages":["TestingLibraryElementError: Unable to find an accessible element with the role \"button\" and name `/Forgot password/i`\n\nHere are the accessible roles:\n\n  img:\n\n  Name \"Big Bang Duel\":\n  \u001b[36m<img\u001b[39m\n    \u001b[33malt\u001b[39m=\u001b[32m\"Big Bang Duel\"\u001b[39m\n    \u001b[33mclass\u001b[39m=\u001b[32m\"w-48 h-auto mx-auto animate-logo-float drop-shadow-2xl\"\u001b[39m\n    \u001b[33msrc\u001b[39m=\u001b[32m\"/assets/ui/logo_bbd.webp\"\u001b[39m\n  \u001b[36m/>\u001b[39m\n\n  --------------------------------------------------\n  heading:\n\n  Name \"PROCURADO\":\n  \u001b[36m<h2\u001b[39m\n    \u001b[33mclass\u001b[39m=\u001b[32m\"font-western text-2xl text-[#3B1F0A] tracking-widest\"\u001b[39m\n  \u001b[36m/>\u001b[39m\n\n  --------------------------------------------------\n  textbox:\n\n  Name \"\":\n  \u001b[36m<input\u001b[39m\n    \u001b[33mclass\u001b[39m=\u001b[32m\"input-parchment\"\u001b[39m\n    \u001b[33mplaceholder\u001b[39m=\u001b[32m\"pistoleiro@oeste.com\"\u001b[39m\n    \u001b[33mrequired\u001b[39m=\u001b[32m\"\"\u001b[39m\n    \u001b[33mtype\u001b[39m=\u001b[32m\"email\"\u001b[39m\n    \u001b[33mvalue\u001b[39m=\u001b[32m\"user@test.com\"\u001b[39m\n  \u001b[36m/>\u001b[39m\n\n  --------------------------------------------------\n  button:\n\n  Name \"ENTRAR\":\n  \u001b[36m<button\u001b[39m\n    \u001b[33mclass\u001b[39m=\u001b[32m\"btn-western mt-4\"\u001b[39m\n    \u001b[33mtype\u001b[39m=\u001b[32m\"submit\"\u001b[39m\n  \u001b[36m/>\u001b[39m\n\n  Name \"Novo por aqui? Criar conta.\":\n  \u001b[36m<button\u001b[39m\n    \u001b[33mclass\u001b[39m=\u001b[32m\"font-stats text-[#7B4A1E] hover:text-[#C0392B] underline text-sm transition-colors\"\u001b[39m\n  \u001b[36m/>\u001b[39m\n\n  Name \"Esqueci minha senha\":\n  \u001b[36m<button\u001b[39m\n    \u001b[33maria-label\u001b[39m=\u001b[32m\"Esqueci minha senha\"\u001b[39m\n    \u001b[33mclass\u001b[39m=\u001b[32m\"font-stats text-[#7B4A1E] hover:text-[#C0392B] underline text-sm transition-colors disabled:opacity-60 disabled:pointer-events-none\"\u001b[39m\n    \u001b[33mtype\u001b[39m=\u001b[32m\"button\"\u001b[39m\n  \u001b[36m/>\u001b[39m\n\n  Name \"ENTRAR COMO CONVIDADO\":\n  \u001b[36m<button\u001b[39m\n    \u001b[33maria-label\u001b[39m=\u001b[32m\"ENTRAR COMO CONVIDADO\"\u001b[39m\n    \u001b[33mclass\u001b[39m=\u001b[32m\"w-full flex items-center justify-center gap-3 px-4 py-3 bg-[#3B1F0A] border-2 border-[#3B1F0A] rounded-lg hover:bg-[#1a0f06] transition-all font-western text-[#D4A855] shadow-md hover:shadow-lg mb-3 disabled:opacity-60\"\u001b[39m\n  \u001b[36m/>\u001b[39m\n\n  Name \"Entrar com Google\":\n  \u001b[36m<button\u001b[39m\n    \u001b[33maria-label\u001b[39m=\u001b[32m\"Entrar com Google\"\u001b[39m\n    \u001b[33mclass\u001b[39m=\u001b[32m\"w-full flex items-center justify-center gap-3 px-4 py-3 bg-white border-2 border-gray-300 rounded-lg hover:bg-gray-50 transition-all font-stats font-bold text-gray-700 shadow-md hover:shadow-lg disabled:opacity-60\"\u001b[39m\n    \u001b[33mtype\u001b[39m=\u001b[32m\"button\"\u001b[39m\n  \u001b[36m/>\u001b[39m\n\n  --------------------------------------------------\n\nIgnored nodes: comments, script, style\n\u001b[36m<body>\u001b[39m\n  \u001b[36m<div>\u001b[39m\n    \u001b[36m<div\u001b[39m\n      \u001b[33mclass\u001b[39m=\u001b[32m\"w-full max-w-sm mx-4\"\u001b[39m\n    \u001b[36m>\u001b[39m\n      \u001b[36m<div\u001b[39m\n        \u001b[33mclass\u001b[39m=\u001b[32m\"text-center mb-8 animate-drop-bounce\"\u001b[39m\n      \u001b[36m>\u001b[39m\n        \u001b[36m<img\u001b[39m\n          \u001b[33malt\u001b[39m=\u001b[32m\"Big Bang Duel\"\u001b[39m\n          \u001b[33mclass\u001b[39m=\u001b[32m\"w-48 h-auto mx-auto animate-logo-float drop-shadow-2xl\"\u001b[39m\n          \u001b[33msrc\u001b[39m=\u001b[32m\"/assets/ui/logo_bbd.webp\"\u001b[39m\n        \u001b[36m/>\u001b[39m\n      \u001b[36m</div>\u001b[39m\n      \u001b[36m<div\u001b[39m\n        \u001b[33mclass\u001b[39m=\u001b[32m\"relative bg-[#F5E6C8] p-8 rounded-lg shadow-2xl border-4 border-[#3B1F0A] animate-fade-up\"\u001b[39m\n      \u001b[36m>\u001b[39m\n        \u001b[36m<div\u001b[39m\n          \u001b[33mclass\u001b[39m=\u001b[32m\"absolute -top-2 left-6 w-4 h-4 rounded-full bg-brown-dark shadow-inner\"\u001b[39m\n        \u001b[36m/>\u001b[39m\n        \u001b[36m<div\u001b[39m\n          \u001b[33mclass\u001b[39m=\u001b[32m\"absolute -top-2 right-6 w-4 h-4 rounded-full bg-brown-dark shadow-inner\"\u001b[39m\n        \u001b[36m/>\u001b[39m\n        \u001b[36m<div\u001b[39m\n          \u001b[33mclass\u001b[39m=\u001b[32m\"absolute -top-6 left-1/2 -translate-x-1/2 bg-[#D4A855] px-8 py-1.5 border-3 border-[#3B1F0A] shadow-lg transform -rotate-1\"\u001b[39m\n        \u001b[36m>\u001b[39m\n          \u001b[36m<h2\u001b[39m\n            \u001b[33mclass\u001b[39m=\u001b[32m\"font-western text-2xl text-[#3B1F0A] tracking-widest\"\u001b[39m\n          \u001b[36m>\u001b[39m\n            \u001b[0mPROCURADO\u001b[0m\n          \u001b[36m</h2>\u001b[39m\n        \u001b[36m</div>\u001b[39m\n        \u001b[36m<form\u001b[39m\n          \u001b[33mclass\u001b[39m=\u001b[32m\"mt-6 space-y-4\"\u001b[39m\n        \u001b[36m>\u001b[39m\n          \u001b[36m<div>\u001b[39m\n            \u001b[36m<label\u001b[39m\n              \u001b[33mclass\u001b[39m=\u001b[32m\"block font-western text-sm text-[#3B1F0A] mb-1 tracking-wider\"\u001b[39m\n            \u001b[36m>\u001b[39m\n              \u001b[0mEMAIL\u001b[0m\n            \u001b[36m</label>\u001b[39m\n            \u001b[36m<input\u001b[39m\n              \u001b[33mclass\u001b[39m=\u001b[32m\"input-parchment\"\u001b[39m\n              \u001b[33mplaceholder\u001b[39m=\u001b[32m\"pistoleiro@oeste.com\"\u001b[39m\n              \u001b[33mrequired\u001b[39m=\u001b[32m\"\"\u001b[39m\n              \u001b[33mtype\u001b[39m=\u001b[32m\"email\"\u001b[39m\n              \u001b[33mvalue\u001b[39m=\u001b[32m\"user@test.com\"\u001b[39m\n            \u001b[36m/>\u001b[39m\n          \u001b[36m</div>\u001b[39m\n          \u001b[36m<div>\u001b[39m\n            \u001b[36m<label\u001b[39m\n              \u001b[33mclass\u001b[39m=\u001b[32m\"block font-western text-sm text-[#3B1F0A] mb-1 tracking-wider\"\u001b[39m\n            \u001b[36m>\u001b[39m\n              \u001b[0mSENHA\u001b[0m\n            \u001b[36m</label>\u001b[39m\n            \u001b[36m<input\u001b[39m\n              \u001b[33mautocomplete\u001b[39m=\u001b[32m\"current-password\"\u001b[39m\n              \u001b[33mclass\u001b[39m=\u001b[32m\"input-parchment\"\u001b[39m\n              \u001b[33mminlength\u001b[39m=\u001b[32m\"6\"\u001b[39m\n              \u001b[33mplaceholder\u001b[39m=\u001b[32m\"••••••\"\u001b[39m\n              \u001b[33mrequired\u001b[39m=\u001b[32m\"\"\u001b[39m\n              \u001b[33mtype\u001b[39m=\u001b[32m\"password\"\u001b[39m\n              \u001b[33mvalue\u001b[39m=\u001b[32m\"\"\u001b[39m\n            \u001b[36m/>\u001b[39m\n          \u001b[36m</div>\u001b[39m\n          \u001b[36m<button\u001b[39m\n            \u001b[33mclass\u001b[39m=\u001b[32m\"btn-western mt-4\"\u001b[39m\n            \u001b[33mtype\u001b[39m=\u001b[32m\"submit\"\u001b[39m\n          \u001b[36m>\u001b[39m\n            \u001b[0mENTRAR\u001b[0m\n          \u001b[36m</button>\u001b[39m\n        \u001b[36m</form>\u001b[39m\n        \u001b[36m<div\u001b[39m\n          \u001b[33mclass\u001b[39m=\u001b[32m\"mt-5 text-center\"\u001b[39m\n        \u001b[36m>\u001b[39m\n          \u001b[36m<button\u001b[39m\n            \u001b[33mclass\u001b[39m=\u001b[32m\"font-stats text-[#7B4A1E] hover:text-[#C0392B] underline text-sm transition-colors\"\u001b[39m\n          \u001b[36m>\u001b[39m\n            \u001b[0mNovo por aqui? Criar conta.\u001b[0m\n          \u001b[36m</button>\u001b[39m\n        \u001b[36m</div>\u001b[39m\n        \u001b[36m<div\u001b[39m\n          \u001b[33mclass\u001b[39m=\u001b[32m\"mt-3 text-center\"\u001b[39m\n        \u001b[36m>\u001b[39m\n          \u001b[36m<button\u001b[39m\n            \u001b[33maria-label\u001b[39m=\u001b[32m\"Esqueci minha senha\"\u001b[39m\n            \u001b[33mclass\u001b[39m=\u001b[32m\"font-stats text-[#7B4A1E] hover:text-[#C0392B] underline text-sm transition-colors disabled:opacity-60 disabled:pointer-events-none\"\u001b[39m\n            \u001b[33mtype\u001b[39m=\u001b[32m\"button\"\u001b[39m\n          \u001b[36m>\u001b[39m\n            \u001b[36m<span\u001b[39m\n              \u001b[33maria-hidden\u001b[39m=\u001b[32m\"true\"\u001b[39m\n            \u001b[36m>\u001b[39m\n              \u001b[0mForgot password?\u001b[0m\n            \u001b[36m</span>\u001b[39m\n            \u001b[36m<span\u001b[39m\n              \u001b[33mclass\u001b[39m=\u001b[32m\"sr-only\"\u001b[39m\n            \u001b[36m>\u001b[39m\n              \u001b[0mEsqueci minha senha\u001b[0m\n            \u001b[36m</span>\u001b[39m\n          \u001b[36m</button>\u001b[39m\n        \u001b[36m</div>\u001b[39m\n        \u001b[36m<div\u001b[39m\n          \u001b[33mclass\u001b[39m=\u001b[32m\"flex items-center gap-3 my-5\"\u001b[39m\n        \u001b[36m>\u001b[39m\n          \u001b[36m<div\u001b[39m\n            \u001b[33mclass\u001b[39m=\u001b[32m\"flex-1 h-px bg-[#7B4A1E]/40\"\u001b[39m\n          \u001b[36m/>\u001b[39m\n          \u001b[36m<span\u001b[39m\n            \u001b[33mclass\u001b[39m=\u001b[32m\"font-western text-xs text-[#7B4A1E] tracking-widest\"\u001b[39m\n          \u001b[36m>\u001b[39m\n            \u001b[0mOU\u001b[0m\n          \u001b[36m</span>\u001b[39m\n          \u001b[36m<div\u001b[39m\n            \u001b[33mclass\u001b[39m=\u001b[32m\"flex-1 h-px bg-[#7B4A1E]/40\"\u001b[39m\n          \u001b[36m/>\u001b[39m\n        \u001b[36m</div>\u001b[39m\n        \u001b[36m<button\u001b[39m\n          \u001b[33maria-label\u001b[39m=\u001b[32m\"ENTRAR COMO CONVIDADO\"\u001b[39m\n          \u001b[33mclass\u001b[39m=\u001b[32m\"w-full flex items-center justify-center gap-3 px-4 py-3 bg-[#3B1F0A] border-2 border-[#3B1F0A] rounded-lg hover:bg-[#1a0f06] transition-all font-western text-[#D4A855] shadow-md hover:shadow-lg mb-3 disabled:opacity-60\"\u001b[39m\n        \u001b[36m>\u001b[39m\n          \u001b[36m<svg\u001b[39m\n            \u001b[33mclass\u001b[39m=\u001b[32m\"w-5 h-5\"\u001b[39m\n            \u001b[33mfill\u001b[39m=\u001b[32m\"none\"\u001b[39m\n            \u001b[33mstroke\u001b[39m=\u001b[32m\"currentColor\"\u001b[39m\n            \u001b[33mviewBox\u001b[39m=\u001b[32m\"0 0 24 24\"\u001b[39m\n          \u001b[36m>\u001b[39m\n            \u001b[36m<path\u001b[39m\n              \u001b[33md\u001b[39m=\u001b[32m\"M16 7a4 4 0 11-8 0 4 4 0 018 0zM12 14a7 7 0 00-7 7h14a7 7 0 00-7-7z\"\u001b[39m\n              \u001b[33mstroke-linecap\u001b[39m=\u001b[32m\"round\"\u001b[39m\n              \u001b[33mstroke-linejoin\u001b[39m=\u001b[32m\"round\"\u001b[39m\n              \u001b[33mstroke-width\u001b[39m=\u001b[32m\"2\"\u001b[39m\n            \u001b[36m/>\u001b[39m\n          \u001b[36m</svg>\u001b[39m\n          \u001b[36m<span\u001b[39m\n            \u001b[33maria-hidden\u001b[39m=\u001b[32m\"true\"\u001b[39m\n          \u001b[36m>\u001b[39m\n            \u001b[0mPlay as Guest\u001b[0m\n          \u001b[36m</span>\u001b[39m\n          \u001b[36m<span\u001b[39m\n            \u001b[33mclass\u001b[39m=\u001b[32m\"sr-only\"\u001b[39m\n          \u001b[36m>\u001b[39m\n            \u001b[0mENTRAR COMO CONVIDADO\u001b[0m\n          \u001b[36m</span>\u001b[39m\n        \u001b[36m</button>\u001b[39m\n        \u001b[36m<button\u001b[39m\n          \u001b[33maria-label\u001b[39m=\u001b[32m\"Entrar com Google\"\u001b[39m\n          \u001b[33mclass\u001b[39m=\u001b[32m\"w-full flex items-center justify-center gap-3 px-4 py-3 bg-white border-2 border-gray-300 rounded-lg hover:bg-gray-50 transition-all font-stats font-bold text-gray-700 shadow-md hover:shadow-lg disabled:opacity-60\"\u001b[39m\n          \u001b[33mtype\u001b[39m=\u001b[32m\"button\"\u001b[39m\n        \u001b[36m>\u001b[39m\n          \u001b[36m<svg\u001b[39m\n            \u001b[33mclass\u001b[39m=\u001b[32m\"w-5 h-5\"\u001b[39m\n            \u001b[33mviewBox\u001b[39m=\u001b[32m\"0 0 24 24\"\u001b[39m\n          \u001b[36m>\u001b[39m\n            \u001b[36m<path\u001b[39m\n              \u001b[33md\u001b[39m=\u001b[32m\"M22.56 12.25c0-.78-.07-1.53-.2-2.25H12v4.26h5.92c-.26 1.37-1.04 2.53-2.21 3.31v2.77h3.57c2.08-1.92 3.28-4.74 3.28-8.09z\"\u001b[39m\n              \u001b[33mfill\u001b[39m=\u001b[32m\"#4285F4\"\u001b[39m\n            \u001b[36m/>\u001b[39m\n            \u001b[36m<path\u001b[39m\n              \u001b[33md\u001b[39m=\u001b[32m\"M12 23c2.97 0 5.46-.98 7.28-2.66l-3.57-2.77c-.98.66-2.23 1.06-3.71 1.06-2.86 0-5.29-1.93-6.16-4.53H2.18v2.84C3.99 20.53 7.7 23 12 23z\"\u001b[39m\n              \u001b[33mfill\u001b[39m=\u001b[32m\"#34A853\"\u001b[39m\n            \u001b[36m/>\u001b[39m\n            \u001b[36m<path\u001b[39m\n              \u001b[33md\u001b[39m=\u001b[32m\"M5.84 14.09c-.22-.66-.35-1.36-.35-2.09s.13-1.43.35-2.09V7.07H2.18C1.43 8.55 1 10.22 1 12s.43 3.45 1.18 4.93l2.85-2.22.81-.62z\"\u001b[39m\n              \u001b[33mfill\u001b[39m=\u001b[32m\"#FBBC05\"\u001b[39m\n            \u001b[36m/>\u001b[39m\n            \u001b[36m<path\u001b[39m\n              \u001b[33md\u001b[39m=\u001b[32m\"M12 5.38c1.62 0 3.06.56 4.21 1.64l3.15-3.15C17.45 2.09 14.97 1 12 1 7.7 1 3.99 3.47 2.18 7.07l3.66 2.84c.87-2.6 3.3-4.53 6.16-4.53z\"\u001b[39m\n              \u001b[33mfill\u001b[39m=\u001b[32m\"#EA4335\"\u001b[39m\n            \u001b[36m/>\u001b[39m\n          \u001b[36m</svg>\u001b[39m\n          \u001b[36m<span\u001b[39m\n            \u001b[33maria-hidden\u001b[39m=\u001b[32m\"true\"\u001b[39m\n          \u001b[36m>\u001b[39m\n            \u001b[0mContinue with Google\u001b[0m\n          \u001b[36m</span>\u001b[39m\n          \u001b[36m<span\u001b[39m\n            \u001b[33mclass\u001b[39m=\u001b[32m\"sr-only\"\u001b[39m\n          \u001b[36m>\u001b[39m\n            \u001b[0mEntrar com Google\u001b[0m\n          \u001b[36m</span>\u001b[39m\n        \u001b[36m</button>\u001b[39m\n      \u001b[36m</div>\u001b[39m\n    \u001b[36m</div>\u001b[39m\n  \u001b[36m</div>\u001b[39m\n\u001b[36m</body>\u001b[39m\n    at Object.getElementError (C:\\Users\\hugov\\OneDrive\\Documentos\\Antigravity\\Big bang Duel\\duelo\\node_modules\\@testing-library\\dom\\dist\\config.js:37:19)\n    at C:\\Users\\hugov\\OneDrive\\Documentos\\Antigravity\\Big bang Duel\\duelo\\node_modules\\@testing-library\\dom\\dist\\query-helpers.js:76:38\n    at C:\\Users\\hugov\\OneDrive\\Documentos\\Antigravity\\Big bang Duel\\duelo\\node_modules\\@testing-library\\dom\\dist\\query-helpers.js:52:17\n    at C:\\Users\\hugov\\OneDrive\\Documentos\\Antigravity\\Big bang Duel\\duelo\\node_modules\\@testing-library\\dom\\dist\\query-helpers.js:95:19\n    at C:/Users/hugov/OneDrive/Documentos/Antigravity/Big bang Duel/duelo/src/components/auth/LoginScreen.test.tsx:199:28\n    at file:///C:/Users/hugov/OneDrive/Documentos/Antigravity/Big%20bang%20Duel/duelo/node_modules/@vitest/runner/dist/index.js:145:11\n    at file:///C:/Users/hugov/OneDrive/Documentos/Antigravity/Big%20bang%20Duel/duelo/node_modules/@vitest/runner/dist/index.js:915:26\n    at file:///C:/Users/hugov/OneDrive/Documentos/Antigravity/Big%20bang%20Duel/duelo/node_modules/@vitest/runner/dist/index.js:1243:20\n    at new Promise (<anonymous>)\n    at runWithTimeout (file:///C:/Users/hugov/OneDrive/Documentos/Antigravity/Big%20bang%20Duel/duelo/node_modules/@vitest/runner/dist/index.js:1209:10)"],"meta":{}},{"ancestorTitles":["LoginScreen"],"fullName":"LoginScreen logs in with Google from an explicit click without creating a profile","status":"passed","title":"logs in with Google from an explicit click without creating a profile","duration":61.65979999999945,"failureMessages":[],"meta":{}},{"ancestorTitles":["LoginScreen"],"fullName":"LoginScreen shows a friendly message when Google login is cancelled","status":"passed","title":"shows a friendly message when Google login is cancelled","duration":74.4421999999995,"failureMessages":[],"meta":{}},{"ancestorTitles":["LoginScreen"],"fullName":"LoginScreen prevents repeated Google submissions while the request is pending","status":"passed","title":"prevents repeated Google submissions while the request is pending","duration":72.30289999999877,"failureMessages":[],"meta":{}}],"startTime":1790254205961,"endTime":1790254207572.303,"status":"failed","message":"","name":"C:/Users/hugov/OneDrive/Documentos/Antigravity/Big bang Duel/duelo/src/components/auth/LoginScreen.test.tsx"}]}